E:\Backup_4_4_15\Mis documentos\planos\SILBER\Mallas-08-grande\PREVIO ESTRUCTURA_recover.dwg,Model,04/09/2016 10:45:41 a.m.,Admin,HP LaserJet 100 color MFP M175 PCL6,A4,1:1,
E:\Backup_4_4_15\Mis documentos\planos\SILBER\Mallas-08-grande\PREVIO ESTRUCTURA_recover.dwg,Model,04/09/2016 11:45:42 a.m.,Admin,HP LaserJet 100 color MFP M175 PCL6,A4,1:1.37464,
E:\Backup_4_4_15\Mis documentos\planos\SILBER\Mallas-08-grande\PREVIO ESTRUCTURA_recover.dwg,Model,04/09/2016 11:47:26 a.m.,Admin,HP LaserJet 100 color MFP M175 PCL6,A4,1:1,
E:\Backup_4_4_15\Mis documentos\planos\SILBER\Mallas-08-grande\PREVIO ESTRUCTURA_recover.dwg,Model,04/09/2016 11:47:41 a.m.,Admin,HP LaserJet 100 color MFP M175 PCL6,A4,1:1,
E:\Backup_4_4_15\Mis documentos\planos\Roberto\RG-1153.dwg,Model,06/09/2016 02:12:45 p.m.,Admin,HP LaserJet 100 color MFP M175 PCL6.pc3,A4,1:6.87322,
E:\Backup_4_4_15\Mis documentos\planos\Roberto\RG-1156.dwg,Model,06/09/2016 02:15:12 p.m.,Admin,HP LaserJet 100 color MFP M175 PCL6.pc3,A4,1:17.1831,
E:\Backup_4_4_15\Mis documentos\planos\ADDEX\SAIAR\CPS-9101.dwg,Model,05/10/2016 10:51:02 p.m.,Admin,HP LaserJet 100 color MFP M175 PCL6,A4,1:24.3874,
E:\Backup_4_4_15\Mis documentos\planos\ADDEX\SAIAR\CPS-9102.dwg,Model,05/10/2016 10:51:38 p.m.,Admin,HP LaserJet 100 color MFP M175 PCL6,A4,1:34.916,
E:\Backup_4_4_15\Mis documentos\planos\ADDEX\SAIAR\CPS-9103.dwg,Model,05/10/2016 10:52:29 p.m.,Admin,HP LaserJet 100 color MFP M175 PCL6,A4,1:34.916,
E:\Backup_4_4_15\Mis documentos\planos\ADDEX\SAIAR\CPS-9104.dwg,Model,05/10/2016 10:53:21 p.m.,Admin,HP LaserJet 100 color MFP M175 PCL6,A4,1:34.916,
E:\Backup_4_4_15\Mis documentos\planos\ADDEX\SAIAR\CPS-9105.dwg,Model,05/10/2016 10:54:01 p.m.,Admin,HP LaserJet 100 color MFP M175 PCL6,A4,1:24.3874,
E:\Backup_4_4_15\Mis documentos\planos\ADDEX\SAIAR\CPS-9106.dwg,Model,05/10/2016 10:54:36 p.m.,Admin,HP LaserJet 100 color MFP M175 PCL6,A4,1:24.3874,
E:\Backup_4_4_15\Mis documentos\planos\ADDEX\SAIAR\CPS-9107.dwg,Model,05/10/2016 10:55:13 p.m.,Admin,HP LaserJet 100 color MFP M175 PCL6,A4,1:34.916,
E:\Backup_4_4_15\Mis documentos\planos\ADDEX\SAIAR\CPS-9108.dwg,Model,05/10/2016 10:56:23 p.m.,Admin,HP LaserJet 100 color MFP M175 PCL6,A4,1:26.4706,
E:\Backup_4_4_15\Mis documentos\planos\ADDEX\SAIAR\CPS-9109.dwg,Model,05/10/2016 10:57:13 p.m.,Admin,HP LaserJet 100 color MFP M175 PCL6,A4,1:26.4706,
E:\Backup_4_4_15\Mis documentos\planos\ADDEX\SAIAR\CPS-9110.dwg,Model,05/10/2016 10:57:55 p.m.,Admin,HP LaserJet 100 color MFP M175 PCL6,A4,1:26.4706,
E:\Backup_4_4_15\Mis documentos\planos\ADDEX\SAIAR\CPS-9111.dwg,Model,05/10/2016 10:58:24 p.m.,Admin,HP LaserJet 100 color MFP M175 PCL6,A4,1:26.4706,
E:\Backup_4_4_15\Mis documentos\planos\ADDEX\SAIAR\CPS-9112.dwg,Model,05/10/2016 10:58:52 p.m.,Admin,HP LaserJet 100 color MFP M175 PCL6,A4,1:26.4706,
E:\Backup_4_4_15\Mis documentos\planos\ADDEX\SAIAR\CPS-9113.dwg,Model,05/10/2016 10:59:17 p.m.,Admin,HP LaserJet 100 color MFP M175 PCL6,A4,1:26.4706,
E:\Backup_4_4_15\Mis documentos\planos\ADDEX\SAIAR\CPS-9114.dwg,Model,05/10/2016 10:59:44 p.m.,Admin,HP LaserJet 100 color MFP M175 PCL6,A4,1:26.4706,
E:\Backup_4_4_15\Mis documentos\planos\ADDEX\SAIAR\CPS-9115.dwg,Model,05/10/2016 11:00:08 p.m.,Admin,HP LaserJet 100 color MFP M175 PCL6,A4,1:26.4706,
E:\Backup_4_4_15\Mis documentos\planos\ADDEX\SAIAR\CPS-9116.dwg,Model,05/10/2016 11:00:39 p.m.,Admin,HP LaserJet 100 color MFP M175 PCL6,A4,1:26.4706,
E:\Backup_4_4_15\Mis documentos\planos\ADDEX\SAIAR\CPS-9117.dwg,Model,05/10/2016 11:01:08 p.m.,Admin,HP LaserJet 100 color MFP M175 PCL6,A4,1:26.4706,
E:\Backup_4_4_15\Mis documentos\planos\ADDEX\SAIAR\CPS-9118.dwg,Model,05/10/2016 11:01:35 p.m.,Admin,HP LaserJet 100 color MFP M175 PCL6,A4,1:26.4706,
E:\Backup_4_4_15\Mis documentos\planos\ADDEX\SAIAR\CPS-9119.dwg,Model,05/10/2016 11:01:56 p.m.,Admin,HP LaserJet 100 color MFP M175 PCL6,A4,1:26.4706,
E:\Backup_4_4_15\Mis documentos\planos\ADDEX\SAIAR\CPS-9120.dwg,Model,05/10/2016 11:02:17 p.m.,Admin,HP LaserJet 100 color MFP M175 PCL6,A4,1:26.4706,
E:\Backup_4_4_15\Mis documentos\planos\ADDEX\SAIAR\CPS-9121.dwg,Model,05/10/2016 11:02:47 p.m.,Admin,HP LaserJet 100 color MFP M175 PCL6,A4,1:26.4706,
E:\Backup_4_4_15\Mis documentos\planos\ADDEX\SAIAR\CPS-9122.dwg,Model,05/10/2016 11:03:15 p.m.,Admin,HP LaserJet 100 color MFP M175 PCL6,A4,1:26.4706,
E:\Backup_4_4_15\Mis documentos\planos\ADDEX\SAIAR\CPS-9123.dwg,Model,05/10/2016 11:03:43 p.m.,Admin,HP LaserJet 100 color MFP M175 PCL6,A4,1:34.916,
E:\Backup_4_4_15\Mis documentos\planos\ADDEX\SAIAR\CPS-9124.dwg,Model,05/10/2016 11:04:07 p.m.,Admin,HP LaserJet 100 color MFP M175 PCL6,A4,1:26.4706,
E:\Backup_4_4_15\Mis documentos\planos\ADDEX\SAIAR\CPS-9125.dwg,Model,05/10/2016 11:04:35 p.m.,Admin,HP LaserJet 100 color MFP M175 PCL6,A4,1:26.4706,
E:\Backup_4_4_15\Mis documentos\planos\ADDEX\SAIAR\CPS-9126.dwg,Model,05/10/2016 11:05:00 p.m.,Admin,HP LaserJet 100 color MFP M175 PCL6,A4,1:26.4706,
E:\Backup_4_4_15\Mis documentos\planos\ADDEX\SAIAR\CPS-9100.dwg,Model,06/10/2016 12:23:04 a.m.,Admin,HP LaserJet 100 color MFP M175 PCL6,A4,1:101.597,
E:\Backup_4_4_15\Mis documentos\planos\ADDEX\SAIAR\CPS-9100.dwg,Model,06/10/2016 12:23:15 a.m.,Admin,HP LaserJet 100 color MFP M175 PCL6,A4,1:101.597,
E:\Backup_4_4_15\Mis documentos\planos\ADDEX\SAIAR\CPS-9101.dwg,Model,17/11/2016 08:29:12 a.m.,Admin,DWG To PDF.pc3,ISO expand A4 (210.00 x 297.00 MM),1:25.5464,
E:\Backup_4_4_15\Mis documentos\planos\ADDEX\SAIAR\CPS-9102.dwg,Model,17/11/2016 08:29:38 a.m.,Admin,DWG To PDF.pc3,ISO expand A4 (210.00 x 297.00 MM),1:35.5067,
E:\Backup_4_4_15\Mis documentos\planos\ADDEX\SAIAR\CPS-9103.dwg,Model,17/11/2016 08:30:02 a.m.,Admin,DWG To PDF.pc3,ISO expand A4 (210.00 x 297.00 MM),1:35.5067,
E:\Backup_4_4_15\Mis documentos\planos\ADDEX\SAIAR\CPS-9104.dwg,Model,17/11/2016 08:30:16 a.m.,Admin,HP LaserJet 100 color MFP M175 PCL6,A4,1:34.916,
E:\Backup_4_4_15\Mis documentos\planos\ADDEX\SAIAR\CPS-9104.dwg,Model,17/11/2016 08:30:37 a.m.,Admin,DWG To PDF.pc3,ISO expand A4 (210.00 x 297.00 MM),1:35.5067,
E:\Backup_4_4_15\Mis documentos\planos\ADDEX\SAIAR\CPS-9105.dwg,Model,17/11/2016 08:31:00 a.m.,Admin,DWG To PDF.pc3,ISO expand A4 (210.00 x 297.00 MM),1:25.5464,
E:\Backup_4_4_15\Mis documentos\planos\ADDEX\SAIAR\CPS-9106.dwg,Model,17/11/2016 08:31:28 a.m.,Admin,DWG To PDF.pc3,ISO expand A4 (210.00 x 297.00 MM),1:25.5464,
E:\Backup_4_4_15\Mis documentos\planos\ADDEX\SAIAR\CPS-9107.dwg,Model,17/11/2016 08:31:49 a.m.,Admin,DWG To PDF.pc3,ISO expand A4 (210.00 x 297.00 MM),1:35.5067,
E:\Backup_4_4_15\Mis documentos\planos\ADDEX\SAIAR\CPS-9108.dwg,Model,17/11/2016 08:32:12 a.m.,Admin,DWG To PDF.pc3,ISO expand A4 (210.00 x 297.00 MM),1:27.3909,
E:\Backup_4_4_15\Mis documentos\planos\ADDEX\SAIAR\CPS-9109.dwg,Model,17/11/2016 08:32:32 a.m.,Admin,DWG To PDF.pc3,ISO expand A4 (210.00 x 297.00 MM),1:27.3909,
E:\Backup_4_4_15\Mis documentos\planos\ADDEX\SAIAR\CPS-9110.dwg,Model,17/11/2016 08:32:54 a.m.,Admin,DWG To PDF.pc3,ISO expand A4 (210.00 x 297.00 MM),1:27.3909,
E:\Backup_4_4_15\Mis documentos\planos\ADDEX\SAIAR\CPS-9111.dwg,Model,17/11/2016 08:33:16 a.m.,Admin,DWG To PDF.pc3,ISO expand A4 (210.00 x 297.00 MM),1:27.3909,
E:\Backup_4_4_15\Mis documentos\planos\ADDEX\SAIAR\CPS-9112.dwg,Model,17/11/2016 08:33:35 a.m.,Admin,DWG To PDF.pc3,ISO expand A4 (210.00 x 297.00 MM),1:27.3909,
E:\Backup_4_4_15\Mis documentos\planos\ADDEX\SAIAR\CPS-9113.dwg,Model,17/11/2016 08:33:51 a.m.,Admin,DWG To PDF.pc3,ISO expand A4 (210.00 x 297.00 MM),1:27.3909,
E:\Backup_4_4_15\Mis documentos\planos\ADDEX\SAIAR\CPS-9114.dwg,Model,17/11/2016 08:34:05 a.m.,Admin,HP LaserJet 100 color MFP M175 PCL6.pc3,A4,1:26.4706,
E:\Backup_4_4_15\Mis documentos\planos\ADDEX\SAIAR\CPS-9114.dwg,Model,17/11/2016 08:34:21 a.m.,Admin,DWG To PDF.pc3,ISO expand A4 (210.00 x 297.00 MM),1:27.3909,
E:\Backup_4_4_15\Mis documentos\planos\ADDEX\SAIAR\CPS-9115.dwg,Model,17/11/2016 08:34:40 a.m.,Admin,DWG To PDF.pc3,ISO expand A4 (210.00 x 297.00 MM),1:27.3909,
E:\Backup_4_4_15\Mis documentos\planos\ADDEX\SAIAR\CPS-9116.dwg,Model,17/11/2016 08:35:06 a.m.,Admin,DWG To PDF.pc3,ISO expand A4 (210.00 x 297.00 MM),1:27.3909,
E:\Backup_4_4_15\Mis documentos\planos\ADDEX\SAIAR\CPS-9117.dwg,Model,17/11/2016 08:35:38 a.m.,Admin,DWG To PDF.pc3,ISO expand A4 (210.00 x 297.00 MM),1:27.3909,
E:\Backup_4_4_15\Mis documentos\planos\ADDEX\SAIAR\CPS-9118.dwg,Model,17/11/2016 08:36:01 a.m.,Admin,DWG To PDF.pc3,ISO expand A4 (210.00 x 297.00 MM),1:27.3909,
E:\Backup_4_4_15\Mis documentos\planos\ADDEX\SAIAR\CPS-9119.dwg,Model,17/11/2016 08:36:21 a.m.,Admin,DWG To PDF.pc3,ISO expand A4 (210.00 x 297.00 MM),1:27.3909,
E:\Backup_4_4_15\Mis documentos\planos\ADDEX\SAIAR\CPS-9120.dwg,Model,17/11/2016 08:36:46 a.m.,Admin,DWG To PDF.pc3,ISO expand A4 (210.00 x 297.00 MM),1:27.3909,
E:\Backup_4_4_15\Mis documentos\planos\ADDEX\SAIAR\CPS-9121.dwg,Model,17/11/2016 08:37:05 a.m.,Admin,DWG To PDF.pc3,ISO expand A4 (210.00 x 297.00 MM),1:27.3909,
E:\Backup_4_4_15\Mis documentos\planos\ADDEX\SAIAR\CPS-9122.dwg,Model,17/11/2016 08:37:29 a.m.,Admin,DWG To PDF.pc3,ISO expand A4 (210.00 x 297.00 MM),1:27.3909,
E:\Backup_4_4_15\Mis documentos\planos\ADDEX\SAIAR\CPS-9123.dwg,Model,17/11/2016 08:37:54 a.m.,Admin,DWG To PDF.pc3,ISO expand A4 (210.00 x 297.00 MM),1:35.5067,
E:\Backup_4_4_15\Mis documentos\planos\ADDEX\SAIAR\CPS-9124.dwg,Model,17/11/2016 08:38:14 a.m.,Admin,DWG To PDF.pc3,ISO expand A4 (210.00 x 297.00 MM),1:27.3909,
E:\Backup_4_4_15\Mis documentos\planos\ADDEX\SAIAR\CPS-9125.dwg,Model,17/11/2016 08:38:34 a.m.,Admin,DWG To PDF.pc3,ISO expand A4 (210.00 x 297.00 MM),1:27.3909,
E:\Backup_4_4_15\Mis documentos\planos\ADDEX\SAIAR\CPS-9126.dwg,Model,17/11/2016 08:38:54 a.m.,Admin,DWG To PDF.pc3,ISO expand A4 (210.00 x 297.00 MM),1:27.3909,
E:\Backup_4_4_15\Mis documentos\planos\ADDEX\SAIAR\CPS-9100.dwg,Model,08/03/2017 08:43:33 p.m.,Admin,HP LaserJet 100 color MFP M175 PCL6,A4,1:25.9115,
E:\Backup_4_4_15\Mis documentos\planos\ADDEX\SAIAR\CPS-9100.dwg,Model,08/03/2017 08:45:03 p.m.,Admin,HP LaserJet 100 color MFP M175 PCL6,A4,1:25.9115,
E:\Backup_4_4_15\Mis documentos\planos\ADDEX\SAIAR\CPS-9100.dwg,Model,08/03/2017 08:46:18 p.m.,Admin,HP LaserJet 100 color MFP M175 PCL6,A4,1:31.3192,
E:\Backup_4_4_15\Mis documentos\planos\Roberto\HORNO ROTATIVO VOLCADOR\PREVIO HORNO VOLCADOR.dwg,Model,25/06/2017 11:40:45 p.m.,Admin,HP LaserJet 100 color MFP M175 PCL6.pc3,A4,1:15.0009,
E:\Backup_4_4_15\Mis documentos\planos\Roberto\HORNO ROTATIVO VOLCADOR\PREVIO HORNO VOLCADOR.dwg,Model,25/06/2017 11:41:01 p.m.,Admin,HP LaserJet 100 color MFP M175 PCL6.pc3,A4,1:15.0009,
E:\Backup_4_4_15\Mis documentos\planos\Roberto\HORNO ROTATIVO VOLCADOR\PREVIO HORNO VOLCADOR.dwg,Model,25/06/2017 11:41:09 p.m.,Admin,HP LaserJet 100 color MFP M175 PCL6.pc3,A4,1:15.0009,
E:\Backup_4_4_15\Mis documentos\planos\Roberto\HORNO ROTATIVO VOLCADOR\PREVIO HORNO VOLCADOR.dwg,Model,25/06/2017 11:41:23 p.m.,Admin,HP LaserJet 100 color MFP M175 PCL6.pc3,A4,1:15.0009,
E:\Backup_4_4_15\Mis documentos\planos\ADDEX\SAIAR\DISPOSITIVO 02\CPS-9129.dwg,Model,10/07/2018 02:52:15 p.m.,Admin,DWG To PDF.pc3,ISO expand A4 (210.00 x 297.00 MM),1:8.1716,
E:\Backup_4_4_15\Mis documentos\planos\ADDEX\SAIAR\DISPOSITIVO 02\CPS-9129.dwg,Model,10/07/2018 02:53:21 p.m.,Admin,DWG To PDF.pc3,ISO expand A4 (210.00 x 297.00 MM),1:8.1716,
E:\Backup_4_4_15\Mis documentos\planos\ADDEX\SAIAR\DISPOSITIVO 02\CPS-9129.dwg,Model,10/07/2018 02:58:03 p.m.,Admin,DWG To PDF.pc3,ISO expand A4 (210.00 x 297.00 MM),1:58.5945,
E:\Backup_4_4_15\Mis documentos\planos\ADDEX\SAIAR\DISPOSITIVO 02\CPS-9129.dwg,Model,10/07/2018 02:58:54 p.m.,Admin,DWG To PDF.pc3,ISO expand A4 (210.00 x 297.00 MM),1:61.3781,
E:\Backup_4_4_15\Mis documentos\planos\ADDEX\SAIAR\DISPOSITIVO 02\CPS-9129.dwg,Model,10/07/2018 02:59:21 p.m.,Admin,DWG To PDF.pc3,ISO expand A4 (210.00 x 297.00 MM),1:66.7703,
